<?xml version="1.0"?>
<!DOCTYPE coverage SYSTEM "http://cobertura.sourceforge.net/xml/coverage-04.dtd">

<coverage line-rate="0.0" branch-rate="1.0" lines-covered="0" lines-valid="8" branches-covered="0" branches-valid="0" complexity="1.0" version="2.1.1" timestamp="1574701385140">
	<sources>
		<source>--source</source>
		<source>/Users/mingjing/Documents/JavaCourse/projects/postit2/users-api/src/main/java</source>
		<source>/Users/mingjing/Documents/JavaCourse/projects/postit2/users-api/target/generated-sources/annotations</source>
	</sources>
	<packages>
		<package name="com.example.usersapi.config" line-rate="0.0" branch-rate="1.0" complexity="1.0">
			<classes>
				<class name="com.example.usersapi.config.SwaggerConfig" filename="com/example/usersapi/config/SwaggerConfig.java" line-rate="0.0" branch-rate="1.0" complexity="1.0">
					<methods>
						<method name="&lt;init&gt;" signature="()V" line-rate="0.0" branch-rate="1.0" complexity="0">
							<lines>
								<line number="20" hits="0" branch="false"/>
							</lines>
						</method>
						<method name="api" signature="()Lspringfox/documentation/spring/web/plugins/Docket;" line-rate="0.0" branch-rate="1.0" complexity="0">
							<lines>
								<line number="23" hits="0" branch="false"/>
								<line number="24" hits="0" branch="false"/>
								<line number="25" hits="0" branch="false"/>
								<line number="26" hits="0" branch="false"/>
								<line number="27" hits="0" branch="false"/>
								<line number="28" hits="0" branch="false"/>
								<line number="29" hits="0" branch="false"/>
							</lines>
						</method>
					</methods>
					<lines>
						<line number="20" hits="0" branch="false"/>
						<line number="23" hits="0" branch="false"/>
						<line number="24" hits="0" branch="false"/>
						<line number="25" hits="0" branch="false"/>
						<line number="26" hits="0" branch="false"/>
						<line number="27" hits="0" branch="false"/>
						<line number="28" hits="0" branch="false"/>
						<line number="29" hits="0" branch="false"/>
					</lines>
				</class>
			</classes>
		</package>
		<package name="com.example.usersapi.repository" line-rate="1.0" branch-rate="1.0" complexity="0.0">
			<classes>
				<class name="com.example.usersapi.repository.ProfileRepository" filename="com/example/usersapi/repository/ProfileRepository.java" line-rate="1.0" branch-rate="1.0" complexity="0.0">
					<methods>
					</methods>
					<lines>
					</lines>
				</class>
			</classes>
		</package>
	</packages>
</coverage>
